C:\USERS\AARON\DESKTOP\RESOURCEMANAGER\AUDIOCORE\DEBUG\AUDIOCORE.EXE.INTERMEDIATE.MANIFEST
C:\Users\Aaron\Desktop\ResourceManager\AudioCore\Debug\AudioCore.vcxprojResolveAssemblyReference.cache
C:\Users\Aaron\Desktop\ResourceManager\AudioCore\Debug\AudioCore.write.1.tlog
C:\USERS\AARON\DESKTOP\RESOURCEMANAGER\AUDIOCORE\DEBUG\AUDIOMANAGER.OBJ
C:\Users\Aaron\Desktop\ResourceManager\AudioCore\Debug\cl.command.1.tlog
C:\Users\Aaron\Desktop\ResourceManager\AudioCore\Debug\CL.read.1.tlog
C:\Users\Aaron\Desktop\ResourceManager\AudioCore\Debug\CL.write.1.tlog
C:\USERS\AARON\DESKTOP\RESOURCEMANAGER\AUDIOCORE\DEBUG\DIRECTXFRAMEWORK.OBJ
C:\Users\Aaron\Desktop\ResourceManager\AudioCore\Debug\link.command.1.tlog
C:\Users\Aaron\Desktop\ResourceManager\AudioCore\Debug\link.read.1.tlog
C:\Users\Aaron\Desktop\ResourceManager\AudioCore\Debug\link.write.1.tlog
C:\Users\Aaron\Desktop\ResourceManager\AudioCore\Debug\mt.command.1.tlog
C:\Users\Aaron\Desktop\ResourceManager\AudioCore\Debug\mt.read.1.tlog
C:\Users\Aaron\Desktop\ResourceManager\AudioCore\Debug\mt.write.1.tlog
C:\USERS\AARON\DESKTOP\RESOURCEMANAGER\AUDIOCORE\DEBUG\RESOURCEMANAGER.OBJ
C:\USERS\AARON\DESKTOP\RESOURCEMANAGER\AUDIOCORE\DEBUG\TINYSTR.OBJ
C:\USERS\AARON\DESKTOP\RESOURCEMANAGER\AUDIOCORE\DEBUG\TINYXML.OBJ
C:\USERS\AARON\DESKTOP\RESOURCEMANAGER\AUDIOCORE\DEBUG\TINYXMLERROR.OBJ
C:\USERS\AARON\DESKTOP\RESOURCEMANAGER\AUDIOCORE\DEBUG\TINYXMLPARSER.OBJ
C:\Users\Aaron\Desktop\ResourceManager\AudioCore\Debug\vc100.idb
C:\USERS\AARON\DESKTOP\RESOURCEMANAGER\AUDIOCORE\DEBUG\VC100.PDB
C:\USERS\AARON\DESKTOP\RESOURCEMANAGER\AUDIOCORE\DEBUG\WINMAIN.OBJ
C:\USERS\AARON\DESKTOP\RESOURCEMANAGER\DEBUG\AUDIOCORE.EXE
C:\USERS\AARON\DESKTOP\RESOURCEMANAGER\DEBUG\AUDIOCORE.ILK
C:\USERS\AARON\DESKTOP\RESOURCEMANAGER\DEBUG\AUDIOCORE.PDB
