Build started 2/3/2013 5:52:17 PM.
     1>Project "C:\Users\Fligar\Desktop\AudioCore\AudioCore\AudioCore.vcxproj" on node 2 (build target(s)).
     1>InitializeBuildStatus:
         Creating "Debug\AudioCore.unsuccessfulbuild" because "AlwaysCreate" was specified.
       ClCompile:
         c:\Program Files (x86)\Microsoft Visual Studio 10.0\VC\bin\CL.exe /c /ZI /nologo /W3 /WX- /Od /Oy- /D _UNICODE /D UNICODE /Gm /EHsc /RTC1 /MDd /GS /fp:precise /Zc:wchar_t /Zc:forScope /Fo"Debug\\" /Fd"Debug\vc100.pdb" /Gd /TP /analyze- /errorReport:prompt AudioManager.cpp
         AudioManager.cpp
       Link:
         c:\Program Files (x86)\Microsoft Visual Studio 10.0\VC\bin\link.exe /ERRORREPORT:PROMPT /OUT:"C:\Users\Fligar\Desktop\AudioCore\Debug\AudioCore.exe" /NOLOGO dinput8.lib dxguid.lib strmiids.lib fmodex_vc.lib dxerr.lib kernel32.lib user32.lib gdi32.lib winspool.lib comdlg32.lib advapi32.lib shell32.lib ole32.lib oleaut32.lib uuid.lib odbc32.lib odbccp32.lib /MANIFEST /ManifestFile:"Debug\AudioCore.exe.intermediate.manifest" /MANIFESTUAC:"level='asInvoker' uiAccess='false'" /DEBUG /PDB:"C:\Users\Fligar\Desktop\AudioCore\Debug\AudioCore.pdb" /TLBID:1 /DYNAMICBASE /NXCOMPAT /IMPLIB:"C:\Users\Fligar\Desktop\AudioCore\Debug\AudioCore.lib" /MACHINE:X86 Debug\AudioManager.obj
         Debug\DirectXFramework.obj
         Debug\ResourceManager.obj
         Debug\tinystr.obj
         Debug\tinyxml.obj
         Debug\tinyxmlerror.obj
         Debug\tinyxmlparser.obj
         Debug\WinMain.obj
         LINK : C:\Users\Fligar\Desktop\AudioCore\Debug\AudioCore.exe not found or not built by the last incremental link; performing full link
         AudioCore.vcxproj -> C:\Users\Fligar\Desktop\AudioCore\Debug\AudioCore.exe
       Manifest:
         C:\Program Files (x86)\Microsoft SDKs\Windows\v7.0A\bin\mt.exe /nologo /verbose /outputresource:"C:\Users\Fligar\Desktop\AudioCore\Debug\AudioCore.exe;#1" /manifest Debug\AudioCore.exe.intermediate.manifest
       FinalizeBuildStatus:
         Deleting file "Debug\AudioCore.unsuccessfulbuild".
         Touching "Debug\AudioCore.lastbuildstate".
     1>Done Building Project "C:\Users\Fligar\Desktop\AudioCore\AudioCore\AudioCore.vcxproj" (build target(s)).

Build succeeded.

Time Elapsed 00:00:03.05
